<?xml version="1.0" encoding="UTF-8"?>
<!-- Generated by org.testng.reporters.JUnitReportReporter -->
<testsuite hostname="Liudmilas-iMac.local" failures="0" tests="4" name="SumOfTwoTest" time="0.010" errors="0" timestamp="2023-03-02T19:50:56 GMT" skipped="1">
  <testcase classname="SumOfTwoTest" name="testSumOfTwoThereIsNoPairThatIsEqualToTheSum_HappyPath" time="0.001"/>
  <system-out/>
  <testcase classname="SumOfTwoTest" name="testSumOfTwo_HappyPath" time="0.008"/>
  <system-out/>
  <testcase classname="SumOfTwoTest" name="testSumOfTwoEmptyArray_Negative" time="0.001"/>
  <system-out/>
  <testcase classname="SumOfTwoTest" name="testSumOfTwoSmallArrayWithSameValues_HappyPath">
    <skipped/>
  </testcase> <!-- testSumOfTwoSmallArrayWithSameValues_HappyPath -->
  <system-out/>
</testsuite> <!-- SumOfTwoTest -->
