<?xml version="1.0" encoding="UTF-8"?>
<!-- Generated by org.testng.reporters.JUnitReportReporter -->
<testsuite hostname="Liudmilas-iMac.local" failures="0" tests="2" name="SortArrayTest" time="0.000" errors="0" timestamp="2023-03-02T19:50:56 GMT" skipped="0">
  <testcase classname="SortArrayTest" name="testSortArray_HappyPath" time="0.000"/>
  <system-out/>
  <testcase classname="SortArrayTest" name="testSortArray_Negative" time="0.000"/>
  <system-out/>
</testsuite> <!-- SortArrayTest -->
