<?xml version="1.0" encoding="UTF-8"?>
<!-- Generated by org.testng.reporters.JUnitReportReporter -->
<testsuite hostname="Liudmilas-iMac.local" failures="0" tests="3" name="SumOfTwoTest" time="0.008" errors="0" timestamp="2023-03-06T14:22:36 GMT" skipped="0">
  <testcase classname="SumOfTwoTest" name="testSumOfTwoThereIsNoPairThatIsEqualToTheSum_HappyPath" time="0.000"/>
  <system-out/>
  <testcase classname="SumOfTwoTest" name="testSumOfTwoEmptyArray_Negative" time="0.000"/>
  <system-out/>
  <testcase classname="SumOfTwoTest" name="testSumOfTwo_HappyPath" time="0.008"/>
  <system-out/>
</testsuite> <!-- SumOfTwoTest -->
