<?xml version="1.0" encoding="UTF-8"?>
<!-- Generated by org.testng.reporters.JUnitReportReporter -->
<testsuite hostname="Liudmilas-iMac.local" failures="0" tests="4" name="OddIndicesTest" time="0.001" errors="0" timestamp="2023-03-02T19:50:56 GMT" skipped="0">
  <testcase classname="OddIndicesTest" name="testOddIndicesWithArrayOfTwo_HappyPath" time="0.001"/>
  <system-out/>
  <testcase classname="OddIndicesTest" name="testOddIndicesEmpty_Negative" time="0.000"/>
  <system-out/>
  <testcase classname="OddIndicesTest" name="testOddIndices_HappyPath" time="0.000"/>
  <system-out/>
  <testcase classname="OddIndicesTest" name="testOddIndicesNull_Negative" time="0.000"/>
  <system-out/>
</testsuite> <!-- OddIndicesTest -->
