<?xml version="1.0" encoding="UTF-8"?>
<!-- Generated by org.testng.reporters.JUnitReportReporter -->
<testsuite hostname="Liudmilas-iMac.local" failures="0" tests="4" name="FizzBuzzTest" time="0.008" errors="0" timestamp="2023-03-06T14:22:36 GMT" skipped="0">
  <testcase classname="FizzBuzzTest" name="testStartGreaterThanEnd_Negative" time="0.000"/>
  <system-out/>
  <testcase classname="FizzBuzzTest" name="testStartEqualsEnd_HappyPath" time="0.007"/>
  <system-out/>
  <testcase classname="FizzBuzzTest" name="testStartLessThanEnd_HappyPath" time="0.000"/>
  <system-out/>
  <testcase classname="FizzBuzzTest" name="testStartLessThanEnd_StartEndAreNegative_HappyPath" time="0.001"/>
  <system-out/>
</testsuite> <!-- FizzBuzzTest -->
