<?xml version="1.0" encoding="UTF-8"?>
<!-- Generated by org.testng.reporters.JUnitReportReporter -->
<testsuite hostname="Liudmilas-iMac.local" failures="0" tests="3" name="PeakElementTest" time="0.001" errors="0" timestamp="2023-03-02T19:50:56 GMT" skipped="0">
  <testcase classname="PeakElementTest" name="testPeakElementEmpty_Negative" time="0.000"/>
  <system-out/>
  <testcase classname="PeakElementTest" name="testPeakElement_HappyPath" time="0.001"/>
  <system-out/>
  <testcase classname="PeakElementTest" name="testPeakElementSomeNegative_HappyPath" time="0.000"/>
  <system-out/>
</testsuite> <!-- PeakElementTest -->
