<?xml version="1.0" encoding="UTF-8"?>
<!-- Generated by org.testng.reporters.JUnitReportReporter -->
<testsuite hostname="Liudmilas-iMac.local" failures="0" tests="17" name="StringMethodsTest" time="0.008" errors="0" timestamp="2023-03-02T19:50:56 GMT" skipped="0">
  <testcase classname="StringMethodsTest" name="CountAsTest2" time="0.001"/>
  <system-out/>
  <testcase classname="StringMethodsTest" name="RemoveAllSpacesTest2" time="0.000"/>
  <system-out/>
  <testcase classname="StringMethodsTest" name="RemoveSpaceTest1" time="0.000"/>
  <system-out/>
  <testcase classname="StringMethodsTest" name="RemoveAllAsTest2" time="0.001"/>
  <system-out/>
  <testcase classname="StringMethodsTest" name="RemoveSpaceTest2" time="0.000"/>
  <system-out/>
  <testcase classname="StringMethodsTest" name="RemoveAllAllZerosTest1" time="0.000"/>
  <system-out/>
  <testcase classname="StringMethodsTest" name="CountAsTest3" time="0.000"/>
  <system-out/>
  <testcase classname="StringMethodsTest" name="RemoveAllAllZerosTest2" time="0.001"/>
  <system-out/>
  <testcase classname="StringMethodsTest" name="CountJavaTest2" time="0.000"/>
  <system-out/>
  <testcase classname="StringMethodsTest" name="RemoveSpaceTest3" time="0.000"/>
  <system-out/>
  <testcase classname="StringMethodsTest" name="IsSameFirstLastLetterIndexOfTest2" time="0.000"/>
  <system-out/>
  <testcase classname="StringMethodsTest" name="RemoveAllAsTest1" time="0.000"/>
  <system-out/>
  <testcase classname="StringMethodsTest" name="IsSameFirstLastLetterIndexOfTest1" time="0.000"/>
  <system-out/>
  <testcase classname="StringMethodsTest" name="CountJavaTest1" time="0.000"/>
  <system-out/>
  <testcase classname="StringMethodsTest" name="RemoveAllSpacesTest1" time="0.000"/>
  <system-out/>
  <testcase classname="StringMethodsTest" name="CountAsTest1" time="0.004"/>
  <system-out/>
  <testcase classname="StringMethodsTest" name="RemoveAllAsTest3" time="0.001"/>
  <system-out/>
</testsuite> <!-- StringMethodsTest -->
